<?xml version="1.0" encoding="UTF-8"?>
<!-- Generated by org.testng.reporters.JUnitXMLReporter -->
<testsuite ignored="0" hostname="Innovapaths-Mac-mini.local" failures="0" tests="5" name="Default test" time="6.16" errors="0" timestamp="2022-08-22T15:39:37 PDT">
  <testcase classname="APITestCases.PostDDT" name="testpostddt" time="3.111"/>
  <testcase classname="APITestCases.PostDDT" name="testpostddt" time="0.583"/>
  <testcase classname="APITestCases.PostDDT" name="testpostddt" time="0.449"/>
  <testcase classname="APITestCases.PostDDT" name="testpostddt" time="0.43"/>
  <testcase classname="APITestCases.PostDDT" name="testpostddt" time="0.435"/>
</testsuite> <!-- Default test -->
